DEBUG - CLI - 2021-09-26 15:15:40 - Starting CLI
DEBUG - CLI - 2021-09-26 15:15:40 - Did not set import
INFO - CLI - 2021-09-26 15:15:41 - Successfully logged in
INFO - CLI - 2021-09-26 15:15:50 - Starting Messages
INFO - CLI - 2021-09-26 15:15:50 - Starting Messages
INFO - CLI - 2021-09-26 15:15:51 - Sending additional message to matran2210
INFO - CLI - 2021-09-26 15:15:51 - Sending additional message to matran2210
INFO - CLI - 2021-09-26 15:15:52 - Finished Messages
INFO - CLI - 2021-09-26 15:15:52 - Finished Messages
INFO - CLI - 2021-09-26 15:18:11 - Starting Messages
INFO - CLI - 2021-09-26 15:18:11 - Starting Messages
INFO - CLI - 2021-09-26 15:18:11 - Sending additional message to matran2210
INFO - CLI - 2021-09-26 15:18:11 - Sending additional message to matran2210
INFO - CLI - 2021-09-26 15:18:14 - Finished Messages
INFO - CLI - 2021-09-26 15:18:14 - Finished Messages
INFO - CLI - 2021-09-26 15:19:49 - Starting Messages
INFO - CLI - 2021-09-26 15:19:49 - Starting Messages
INFO - CLI - 2021-09-26 15:19:49 - Message with subject and body not understood. Subject: xin chao   Body: bro
INFO - CLI - 2021-09-26 15:19:49 - Message with subject and body not understood. Subject: xin chao   Body: bro
INFO - CLI - 2021-09-26 15:19:49 - Sending unknown message to matran2210
INFO - CLI - 2021-09-26 15:19:49 - Sending unknown message to matran2210
INFO - CLI - 2021-09-26 15:19:50 - Finished Messages
INFO - CLI - 2021-09-26 15:19:50 - Finished Messages
DEBUG - CLI - 2021-09-26 15:26:20 - Starting CLI
DEBUG - CLI - 2021-09-26 15:26:20 - Did not set import
INFO - CLI - 2021-09-26 15:26:21 - Successfully logged in
INFO - CLI - 2021-09-26 15:26:25 - Starting Messages
INFO - CLI - 2021-09-26 15:26:25 - Starting Messages
INFO - CLI - 2021-09-26 15:26:26 - Blacklisting user: matran2210
INFO - CLI - 2021-09-26 15:26:26 - Blacklisting user: matran2210
INFO - CLI - 2021-09-26 15:26:26 - Sending blacklist add message to matran2210
INFO - CLI - 2021-09-26 15:26:26 - Sending blacklist add message to matran2210
INFO - CLI - 2021-09-26 15:26:26 - Message with subject and body not understood. Subject: stop   Body: bye
INFO - CLI - 2021-09-26 15:26:26 - Message with subject and body not understood. Subject: stop   Body: bye
INFO - CLI - 2021-09-26 15:26:26 - Sending unknown message to matran2210
INFO - CLI - 2021-09-26 15:26:26 - Sending unknown message to matran2210
INFO - CLI - 2021-09-26 15:26:27 - Finished Messages
INFO - CLI - 2021-09-26 15:26:27 - Finished Messages
INFO - CLI - 2021-09-26 15:28:13 - Starting Messages
INFO - CLI - 2021-09-26 15:28:13 - Starting Messages
INFO - CLI - 2021-09-26 15:28:13 - Message with subject and body not understood. Subject: hello   Body: hehe
INFO - CLI - 2021-09-26 15:28:13 - Message with subject and body not understood. Subject: hello   Body: hehe
INFO - CLI - 2021-09-26 15:28:13 - Sending unknown message to matran2210
INFO - CLI - 2021-09-26 15:28:13 - Sending unknown message to matran2210
INFO - CLI - 2021-09-26 15:28:14 - Finished Messages
INFO - CLI - 2021-09-26 15:28:14 - Finished Messages
INFO - CLI - 2021-09-26 15:29:03 - Starting Messages
INFO - CLI - 2021-09-26 15:29:03 - Starting Messages
INFO - CLI - 2021-09-26 15:29:03 - Unblacklisting matran2210
INFO - CLI - 2021-09-26 15:29:03 - Unblacklisting matran2210
INFO - CLI - 2021-09-26 15:29:03 - Sending blacklist remove message to matran2210
INFO - CLI - 2021-09-26 15:29:03 - Sending blacklist remove message to matran2210
INFO - CLI - 2021-09-26 15:29:04 - Message with subject and body not understood. Subject: resume   Body: hehe
INFO - CLI - 2021-09-26 15:29:04 - Message with subject and body not understood. Subject: resume   Body: hehe
INFO - CLI - 2021-09-26 15:29:04 - Sending unknown message to matran2210
INFO - CLI - 2021-09-26 15:29:04 - Sending unknown message to matran2210
INFO - CLI - 2021-09-26 15:29:04 - Finished Messages
INFO - CLI - 2021-09-26 15:29:04 - Finished Messages
INFO - CLI - 2021-09-26 15:29:33 - Starting Messages
INFO - CLI - 2021-09-26 15:29:33 - Starting Messages
INFO - CLI - 2021-09-26 15:29:33 - Message with subject and body not understood. Subject: hello   Body: hehe
INFO - CLI - 2021-09-26 15:29:33 - Message with subject and body not understood. Subject: hello   Body: hehe
INFO - CLI - 2021-09-26 15:29:33 - Sending unknown message to matran2210
INFO - CLI - 2021-09-26 15:29:33 - Sending unknown message to matran2210
INFO - CLI - 2021-09-26 15:29:34 - Finished Messages
INFO - CLI - 2021-09-26 15:29:34 - Finished Messages
INFO - CLI - 2021-09-26 15:30:50 - Starting Messages
INFO - CLI - 2021-09-26 15:30:50 - Starting Messages
INFO - CLI - 2021-09-26 15:30:50 - Sending additional message to matran2210
INFO - CLI - 2021-09-26 15:30:50 - Sending additional message to matran2210
INFO - CLI - 2021-09-26 15:30:51 - Finished Messages
INFO - CLI - 2021-09-26 15:30:51 - Finished Messages
INFO - CLI - 2021-09-26 15:31:23 - Starting Messages
INFO - CLI - 2021-09-26 15:31:23 - Starting Messages
INFO - CLI - 2021-09-26 15:31:24 - Message with subject and body not understood. Subject: help me please   Body: xxx
INFO - CLI - 2021-09-26 15:31:24 - Message with subject and body not understood. Subject: help me please   Body: xxx
INFO - CLI - 2021-09-26 15:31:24 - Sending unknown message to matran2210
INFO - CLI - 2021-09-26 15:31:24 - Sending unknown message to matran2210
INFO - CLI - 2021-09-26 15:31:24 - Finished Messages
INFO - CLI - 2021-09-26 15:31:24 - Finished Messages
DEBUG - CLI - 2021-09-26 15:42:59 - Starting CLI
DEBUG - CLI - 2021-09-26 15:42:59 - Did not set import
INFO - CLI - 2021-09-26 15:43:01 - Successfully logged in
INFO - CLI - 2021-09-26 15:43:13 - Starting Messages
INFO - CLI - 2021-09-26 15:43:13 - Starting Messages
INFO - CLI - 2021-09-26 15:43:13 - Sending additional message to matran2210
INFO - CLI - 2021-09-26 15:43:13 - Sending additional message to matran2210
INFO - CLI - 2021-09-26 15:43:15 - Finished Messages
INFO - CLI - 2021-09-26 15:43:15 - Finished Messages
INFO - CLI - 2021-09-26 15:44:18 - Starting Messages
INFO - CLI - 2021-09-26 15:44:18 - Starting Messages
INFO - CLI - 2021-09-26 15:44:19 - Blacklisting user: matran2210
INFO - CLI - 2021-09-26 15:44:19 - Blacklisting user: matran2210
INFO - CLI - 2021-09-26 15:44:19 - Sending blacklist add message to matran2210
INFO - CLI - 2021-09-26 15:44:19 - Sending blacklist add message to matran2210
INFO - CLI - 2021-09-26 15:44:19 - Message with subject and body not understood. Subject: stop   Body: zzz
INFO - CLI - 2021-09-26 15:44:19 - Message with subject and body not understood. Subject: stop   Body: zzz
INFO - CLI - 2021-09-26 15:44:19 - Sending unknown message to matran2210
INFO - CLI - 2021-09-26 15:44:19 - Sending unknown message to matran2210
INFO - CLI - 2021-09-26 15:44:20 - Finished Messages
INFO - CLI - 2021-09-26 15:44:20 - Finished Messages
INFO - CLI - 2021-09-26 15:45:20 - Starting Messages
INFO - CLI - 2021-09-26 15:45:20 - Starting Messages
INFO - CLI - 2021-09-26 15:45:20 - Sending additional message to matran2210
INFO - CLI - 2021-09-26 15:45:20 - Sending additional message to matran2210
INFO - CLI - 2021-09-26 15:45:21 - Finished Messages
INFO - CLI - 2021-09-26 15:45:21 - Finished Messages
DEBUG - CLI - 2021-09-26 15:50:49 - Starting CLI
DEBUG - CLI - 2021-09-26 15:50:49 - Did not set import
INFO - CLI - 2021-09-26 15:50:51 - Successfully logged in
INFO - CLI - 2021-09-26 15:50:58 - Starting Messages
INFO - CLI - 2021-09-26 15:50:58 - Starting Messages
INFO - CLI - 2021-09-26 15:50:59 - Unblacklisting matran2210
INFO - CLI - 2021-09-26 15:50:59 - Unblacklisting matran2210
INFO - CLI - 2021-09-26 15:50:59 - Sending blacklist remove message to matran2210
INFO - CLI - 2021-09-26 15:50:59 - Sending blacklist remove message to matran2210
INFO - CLI - 2021-09-26 15:50:59 - Message with subject and body not understood. Subject: resume   Body: xxxx
INFO - CLI - 2021-09-26 15:50:59 - Message with subject and body not understood. Subject: resume   Body: xxxx
INFO - CLI - 2021-09-26 15:50:59 - Sending unknown message to matran2210
INFO - CLI - 2021-09-26 15:50:59 - Sending unknown message to matran2210
INFO - CLI - 2021-09-26 15:51:00 - Finished Messages
INFO - CLI - 2021-09-26 15:51:00 - Finished Messages
DEBUG - CLI - 2021-09-26 15:53:45 - Starting CLI
DEBUG - CLI - 2021-09-26 15:53:45 - Did not set import
INFO - CLI - 2021-09-26 15:53:46 - Successfully logged in
INFO - CLI - 2021-09-26 15:53:50 - Starting Messages
INFO - CLI - 2021-09-26 15:53:50 - Starting Messages
INFO - CLI - 2021-09-26 15:53:51 - Blacklisting user: matran2210
INFO - CLI - 2021-09-26 15:53:51 - Blacklisting user: matran2210
INFO - CLI - 2021-09-26 15:53:51 - Sending blacklist add message to matran2210
INFO - CLI - 2021-09-26 15:53:51 - Sending blacklist add message to matran2210
INFO - CLI - 2021-09-26 15:53:51 - Message with subject and body not understood. Subject: stop   Body: xxx
INFO - CLI - 2021-09-26 15:53:51 - Message with subject and body not understood. Subject: stop   Body: xxx
INFO - CLI - 2021-09-26 15:53:51 - Sending unknown message to matran2210
INFO - CLI - 2021-09-26 15:53:51 - Sending unknown message to matran2210
INFO - CLI - 2021-09-26 15:53:52 - Finished Messages
INFO - CLI - 2021-09-26 15:53:52 - Finished Messages
INFO - CLI - 2021-09-26 15:54:50 - Starting Posts
INFO - CLI - 2021-09-26 15:54:50 - Starting Posts
INFO - CLI - 2021-09-26 15:54:51 - Finished Posts
INFO - CLI - 2021-09-26 15:54:51 - Finished Posts
INFO - CLI - 2021-09-26 15:55:09 - Starting Posts
INFO - CLI - 2021-09-26 15:55:09 - Starting Posts
DEBUG - CLI - 2021-09-26 15:55:10 - Bot replying to : hello
DEBUG - CLI - 2021-09-26 15:55:10 - Bot replying to : hello
INFO - CLI - 2021-09-26 15:55:10 - Finished Posts
INFO - CLI - 2021-09-26 15:55:10 - Finished Posts
DEBUG - CLI - 2021-09-26 15:57:32 - Starting CLI
DEBUG - CLI - 2021-09-26 15:57:32 - Did not set import
INFO - CLI - 2021-09-26 15:57:33 - Successfully logged in
INFO - CLI - 2021-09-26 15:57:43 - Starting Mentions
INFO - CLI - 2021-09-26 15:57:43 - Starting Mentions
DEBUG - CLI - 2021-09-26 15:57:44 - Found mention hebqyfg. User matran2210 Body /u/testbot2110
DEBUG - CLI - 2021-09-26 15:57:44 - Found mention hebqyfg. User matran2210 Body /u/testbot2110
DEBUG - CLI - 2021-09-26 15:57:45 - Replying to hebqyfg
DEBUG - CLI - 2021-09-26 15:57:45 - Replying to hebqyfg
INFO - CLI - 2021-09-26 15:57:45 - Finished mentions
INFO - CLI - 2021-09-26 15:57:45 - Finished mentions
DEBUG - CLI - 2021-09-26 16:00:08 - Starting CLI
DEBUG - CLI - 2021-09-26 16:00:08 - Did not set import
INFO - CLI - 2021-09-26 16:00:10 - Successfully logged in
INFO - Comment Remover - 2021-09-26 16:00:14 - Starting Downvoted Removal
DEBUG - Comment Remover - 2021-09-26 16:00:14 - No comments were deleted
INFO - Comment Remover - 2021-09-26 16:00:14 - Finished Downvote removal
INFO - Comment Remover - 2021-09-26 16:01:06 - Starting Downvoted Removal
INFO - Comment Remover - 2021-09-26 16:01:06 - Starting Downvoted Removal
DEBUG - Comment Remover - 2021-09-26 16:01:06 - No comments were deleted
DEBUG - Comment Remover - 2021-09-26 16:01:06 - No comments were deleted
INFO - Comment Remover - 2021-09-26 16:01:06 - Finished Downvote removal
INFO - Comment Remover - 2021-09-26 16:01:06 - Finished Downvote removal
DEBUG - CLI - 2021-09-26 16:01:28 - Starting CLI
DEBUG - CLI - 2021-09-26 16:01:28 - Did not set import
INFO - CLI - 2021-09-26 16:01:29 - Successfully logged in
INFO - Comment Remover - 2021-09-26 16:01:35 - Starting Downvoted Removal
DEBUG - Comment Remover - 2021-09-26 16:01:35 - No comments were deleted
INFO - Comment Remover - 2021-09-26 16:01:35 - Finished Downvote removal
INFO - Comment Remover - 2021-09-26 16:03:04 - Starting Downvoted Removal
INFO - Comment Remover - 2021-09-26 16:03:04 - Starting Downvoted Removal
DEBUG - Comment Remover - 2021-09-26 16:03:05 - No comments were deleted
DEBUG - Comment Remover - 2021-09-26 16:03:05 - No comments were deleted
INFO - Comment Remover - 2021-09-26 16:03:05 - Finished Downvote removal
INFO - Comment Remover - 2021-09-26 16:03:05 - Finished Downvote removal
DEBUG - CLI - 2021-09-26 16:06:32 - Starting CLI
DEBUG - CLI - 2021-09-26 16:06:32 - Did not set import
INFO - CLI - 2021-09-26 16:06:34 - Successfully logged in
